2024-09-19 17:38:36 - Parsed Matrix: 
1 2 3 
4 9 8 
1 0 2 

2024-09-19 17:38:36 - Valid matrix inputed...  
1 2 3 
4 9 8 
1 0 2 

2024-09-19 17:38:44 - Factorial operated for 2
2! = 2
2024-09-19 17:38:44 - Factorial operated for 3
3! = 6
2024-09-19 17:38:44 - Factorial operated for 4
4! = 24
2024-09-19 17:38:44 - Factorial operated for 5
5! = 120
2024-09-19 17:38:44 - Factorial operated for 6
6! = 720
2024-09-19 17:41:29 - Main menu printed
2024-09-19 17:41:36 - Parsed Matrix: 
1 2 
4 8 

2024-09-19 17:41:36 - Valid matrix inputed...  
1 2 
4 8 

2024-09-19 17:41:36 - Main menu printed
2024-09-19 17:41:40 - Factorial operated for 2
2! = 2
2024-09-19 17:41:40 - Factorial operated for 3
3! = 6
2024-09-19 17:41:40 - Factorial operated for 4
4! = 24
2024-09-19 17:41:40 - Factorial operated for 5
5! = 120
2024-09-19 17:41:40 - Factorial operated for 6
6! = 720
2024-09-19 17:41:40 - Factorial operated for 7
7! = 5040
2024-09-19 17:41:40 - Factorial operated for 8
8! = 40320
2024-09-19 17:41:40 - Factorial operated for 9
9! = 362880
2024-09-19 17:41:40 - Factorial operated for 10
10! = 3628800
2024-09-19 17:41:40 - Factorial operated for 11
11! = 39916800
2024-09-19 17:41:40 - Factorial operated for 12
12! = 479001600
2024-09-19 17:41:40 - Main menu printed
